Determining if the pthread_create exist failed with the following output:
Change Dir: /home/joy/JAKA_WS/build/CMakeFiles/CMakeTmp

Run Build Command:"/usr/bin/make" "cmTC_c889c/fast"
/usr/bin/make -f CMakeFiles/cmTC_c889c.dir/build.make CMakeFiles/cmTC_c889c.dir/build
make[1]: Entering directory '/home/joy/JAKA_WS/build/CMakeFiles/CMakeTmp'
Building C object CMakeFiles/cmTC_c889c.dir/CheckSymbolExists.c.o
/usr/bin/cc    -o CMakeFiles/cmTC_c889c.dir/CheckSymbolExists.c.o   -c /home/joy/JAKA_WS/build/CMakeFiles/CMakeTmp/CheckSymbolExists.c
Linking C executable cmTC_c889c
/usr/bin/cmake -E cmake_link_script CMakeFiles/cmTC_c889c.dir/link.txt --verbose=1
/usr/bin/cc      -rdynamic CMakeFiles/cmTC_c889c.dir/CheckSymbolExists.c.o  -o cmTC_c889c 
CMakeFiles/cmTC_c889c.dir/CheckSymbolExists.c.o: In function `main':
CheckSymbolExists.c:(.text+0x1b): undefined reference to `pthread_create'
collect2: error: ld returned 1 exit status
CMakeFiles/cmTC_c889c.dir/build.make:97: recipe for target 'cmTC_c889c' failed
make[1]: *** [cmTC_c889c] Error 1
make[1]: Leaving directory '/home/joy/JAKA_WS/build/CMakeFiles/CMakeTmp'
Makefile:126: recipe for target 'cmTC_c889c/fast' failed
make: *** [cmTC_c889c/fast] Error 2

File /home/joy/JAKA_WS/build/CMakeFiles/CMakeTmp/CheckSymbolExists.c:
/* */
#include <pthread.h>

int main(int argc, char** argv)
{
  (void)argv;
#ifndef pthread_create
  return ((int*)(&pthread_create))[argc];
#else
  (void)argc;
  return 0;
#endif
}

Determining if the function pthread_create exists in the pthreads failed with the following output:
Change Dir: /home/joy/JAKA_WS/build/CMakeFiles/CMakeTmp

Run Build Command:"/usr/bin/make" "cmTC_fdefe/fast"
/usr/bin/make -f CMakeFiles/cmTC_fdefe.dir/build.make CMakeFiles/cmTC_fdefe.dir/build
make[1]: Entering directory '/home/joy/JAKA_WS/build/CMakeFiles/CMakeTmp'
Building C object CMakeFiles/cmTC_fdefe.dir/CheckFunctionExists.c.o
/usr/bin/cc   -DCHECK_FUNCTION_EXISTS=pthread_create   -o CMakeFiles/cmTC_fdefe.dir/CheckFunctionExists.c.o   -c /usr/share/cmake-3.10/Modules/CheckFunctionExists.c
Linking C executable cmTC_fdefe
/usr/bin/cmake -E cmake_link_script CMakeFiles/cmTC_fdefe.dir/link.txt --verbose=1
/usr/bin/cc  -DCHECK_FUNCTION_EXISTS=pthread_create    -rdynamic CMakeFiles/cmTC_fdefe.dir/CheckFunctionExists.c.o  -o cmTC_fdefe -lpthreads 
/usr/bin/ld: cannot find -lpthreads
collect2: error: ld returned 1 exit status
CMakeFiles/cmTC_fdefe.dir/build.make:97: recipe for target 'cmTC_fdefe' failed
make[1]: *** [cmTC_fdefe] Error 1
make[1]: Leaving directory '/home/joy/JAKA_WS/build/CMakeFiles/CMakeTmp'
Makefile:126: recipe for target 'cmTC_fdefe/fast' failed
make: *** [cmTC_fdefe/fast] Error 2


Performing C SOURCE FILE Test CMAKE_HAVE_LIBC_PTHREAD failed with the following output:
Change Dir: /home/joy/JAKA_WS/build/CMakeFiles/CMakeTmp

Run Build Command(s):/usr/bin/make -f Makefile cmTC_491cb/fast && make[1]: Entering directory '/home/joy/JAKA_WS/build/CMakeFiles/CMakeTmp'
/usr/bin/make  -f CMakeFiles/cmTC_491cb.dir/build.make CMakeFiles/cmTC_491cb.dir/build
make[2]: Entering directory '/home/joy/JAKA_WS/build/CMakeFiles/CMakeTmp'
Building C object CMakeFiles/cmTC_491cb.dir/src.c.o
/usr/bin/cc -DCMAKE_HAVE_LIBC_PTHREAD   -o CMakeFiles/cmTC_491cb.dir/src.c.o -c /home/joy/JAKA_WS/build/CMakeFiles/CMakeTmp/src.c
Linking C executable cmTC_491cb
/home/joy/Documents/cmake-3.21.4-linux-x86_64/bin/cmake -E cmake_link_script CMakeFiles/cmTC_491cb.dir/link.txt --verbose=1
/usr/bin/cc -rdynamic CMakeFiles/cmTC_491cb.dir/src.c.o -o cmTC_491cb 
CMakeFiles/cmTC_491cb.dir/src.c.o: In function `main':
src.c:(.text+0x3e): undefined reference to `pthread_create'
src.c:(.text+0x4a): undefined reference to `pthread_detach'
src.c:(.text+0x56): undefined reference to `pthread_cancel'
src.c:(.text+0x67): undefined reference to `pthread_join'
src.c:(.text+0x7b): undefined reference to `pthread_atfork'
collect2: error: ld returned 1 exit status
CMakeFiles/cmTC_491cb.dir/build.make:98: recipe for target 'cmTC_491cb' failed
make[2]: *** [cmTC_491cb] Error 1
make[2]: Leaving directory '/home/joy/JAKA_WS/build/CMakeFiles/CMakeTmp'
Makefile:127: recipe for target 'cmTC_491cb/fast' failed
make[1]: *** [cmTC_491cb/fast] Error 2
make[1]: Leaving directory '/home/joy/JAKA_WS/build/CMakeFiles/CMakeTmp'


Source file was:
#include <pthread.h>

static void* test_func(void* data)
{
  return data;
}

int main(void)
{
  pthread_t thread;
  pthread_create(&thread, NULL, test_func, NULL);
  pthread_detach(thread);
  pthread_cancel(thread);
  pthread_join(thread, NULL);
  pthread_atfork(NULL, NULL, NULL);
  pthread_exit(NULL);

  return 0;
}

